---------------------------------------
Begin Slurm Prolog: Sep-12-2024 17:15:47
Job ID:    1269088
User ID:   mghanem8
Account:   gts-agarg35
Job name:  SlurmPythonExample
Partition: gpu-rtx6000
QOS:       embers
---------------------------------------

The following have been reloaded with a version change:
  1) anaconda3/2022.05 => anaconda3/2022.05.0.1

/usr/local/pace-apps/lmod/lmod/init/bash: line 169: conda: command not found
Running the following command:
python train.py --config-name=train_diffusion_unet_ddim_hybrid_workspace.yaml task=orbit_dual_suture hydra.run.dir=/storage/home/hcoda1/7/mghanem8/codes/quest_v0/experiments/diffpolicy/orbit_dual_suture_50 training.seed=0 training.device=cuda:0 exp_name=orbit_dual_suture_50_single-cam logging.mode=online task.dataset.max_train_episodes=50

============= Initialized Observation Utils with Obs Spec =============

using obs modality: low_dim with keys: ['joint_pos']
using obs modality: rgb with keys: ['image']
using obs modality: depth with keys: []
using obs modality: scan with keys: []
/storage/home/hcoda1/7/mghanem8/.conda/envs/robodiff/lib/python3.9/site-packages/torchvision/models/_utils.py:208: UserWarning: The parameter 'pretrained' is deprecated since 0.13 and will be removed in 0.15, please use 'weights' instead.
  warnings.warn(
/storage/home/hcoda1/7/mghanem8/.conda/envs/robodiff/lib/python3.9/site-packages/torchvision/models/_utils.py:223: UserWarning: Arguments other than a weight enum or `None` for 'weights' are deprecated since 0.13 and will be removed in 0.15. The current behavior is equivalent to passing `weights=None`.
  warnings.warn(msg)
[2024-09-12 17:16:50,014][diffusion_policy.model.diffusion.conditional_unet1d][INFO] - number of parameters: 2.523578e+08
Diffusion params: 2.523578e+08
Vision params: 1.145110e+07
wandb: Currently logged in as: mghanem8 (orbit-surgical-diffusion). Use `wandb login --relogin` to force relogin
wandb: wandb version 0.18.0 is available!  To upgrade, please run:
wandb:  $ pip install wandb --upgrade
wandb: Tracking run with wandb version 0.13.3
wandb: Run data is saved locally in /storage/home/hcoda1/7/mghanem8/codes/quest_v0/experiments/diffpolicy/orbit_dual_suture_50/wandb/run-20240912_171733-1x104uc0
wandb: Run `wandb offline` to turn off syncing.
wandb: Syncing run orbit_suture
wandb: ‚≠êÔ∏è View project at https://wandb.ai/orbit-surgical-diffusion/diffusion_policy
wandb: üöÄ View run at https://wandb.ai/orbit-surgical-diffusion/diffusion_policy/runs/1x104uc0
Training epoch 0:   0%|          | 0/1093 [00:00<?, ?it/s]Training epoch 0:   0%|          | 1/1093 [00:50<15:11:33, 50.09s/it, loss=0.283]Training epoch 0:   1%|          | 6/1093 [00:51<1:54:37,  6.33s/it, loss=0.239] Training epoch 0:   1%|          | 12/1093 [00:52<47:40,  2.65s/it, loss=0.102] Training epoch 0:   2%|‚ñè         | 18/1093 [00:53<27:09,  1.52s/it, loss=0.0596]Training epoch 0:   2%|‚ñè         | 24/1093 [00:54<17:41,  1.01it/s, loss=0.0793]Training epoch 0:   3%|‚ñé         | 30/1093 [00:55<12:30,  1.42it/s, loss=0.0486]Training epoch 0:   3%|‚ñé         | 36/1093 [00:57<09:24,  1.87it/s, loss=0.0404]Training epoch 0:   4%|‚ñç         | 41/1093 [00:58<07:40,  2.28it/s, loss=0.036] Training epoch 0:   4%|‚ñç         | 46/1093 [00:59<06:26,  2.71it/s, loss=0.0285]Training epoch 0:   5%|‚ñç         | 51/1093 [01:00<05:33,  3.12it/s, loss=0.0213]Training epoch 0:   5%|‚ñå         | 56/1093 [01:01<04:55,  3.50it/s, loss=0.0156]Training epoch 0:   6%|‚ñå         | 61/1093 [01:02<04:29,  3.83it/s, loss=0.0341]Training epoch 0:   6%|‚ñå         | 66/1093 [01:03<04:10,  4.11it/s, loss=0.0206]Training epoch 0:   6%|‚ñã         | 71/1093 [01:04<03:56,  4.32it/s, loss=0.0344]Training epoch 0:   7%|‚ñã         | 76/1093 [01:05<03:46,  4.48it/s, loss=0.0122]Training epoch 0:   7%|‚ñã         | 81/1093 [01:06<03:49,  4.41it/s, loss=0.0142]Training epoch 0:   8%|‚ñä         | 86/1093 [01:07<03:41,  4.55it/s, loss=0.0136]Training epoch 0:   8%|‚ñä         | 91/1093 [01:08<03:35,  4.66it/s, loss=0.0232]Training epoch 0:   9%|‚ñâ         | 96/1093 [01:09<03:30,  4.73it/s, loss=0.00882]Training epoch 0:   9%|‚ñâ         | 101/1093 [01:10<03:28,  4.75it/s, loss=0.0123]Training epoch 0:  10%|‚ñâ         | 106/1093 [01:11<03:26,  4.78it/s, loss=0.012] Training epoch 0:  10%|‚ñà         | 111/1093 [01:12<03:23,  4.81it/s, loss=0.00512]Training epoch 0:  11%|‚ñà         | 116/1093 [01:13<03:22,  4.83it/s, loss=0.0112] Training epoch 0:  11%|‚ñà         | 121/1093 [01:14<03:20,  4.85it/s, loss=0.0244]Training epoch 0:  12%|‚ñà‚ñè        | 126/1093 [01:15<03:18,  4.86it/s, loss=0.0107]Training epoch 0:  12%|‚ñà‚ñè        | 131/1093 [01:16<03:18,  4.85it/s, loss=0.00889]Training epoch 0:  12%|‚ñà‚ñè        | 136/1093 [01:17<03:16,  4.86it/s, loss=0.0143] Training epoch 0:  13%|‚ñà‚ñé        | 141/1093 [01:18<03:29,  4.54it/s, loss=0.0179]Training epoch 0:  13%|‚ñà‚ñé        | 146/1093 [01:20<03:30,  4.50it/s, loss=0.0271]Training epoch 0:  14%|‚ñà‚ñç        | 151/1093 [01:21<03:49,  4.10it/s, loss=0.0109]Training epoch 0:  14%|‚ñà‚ñç        | 156/1093 [01:22<03:37,  4.31it/s, loss=0.0212]Training epoch 0:  15%|‚ñà‚ñç        | 161/1093 [01:23<03:28,  4.46it/s, loss=0.0244]Training epoch 0:  15%|‚ñà‚ñå        | 166/1093 [01:24<03:22,  4.58it/s, loss=0.022] Training epoch 0:  16%|‚ñà‚ñå        | 171/1093 [01:25<03:17,  4.66it/s, loss=0.0153]Training epoch 0:  16%|‚ñà‚ñå        | 176/1093 [01:26<03:14,  4.72it/s, loss=0.0154]Training epoch 0:  17%|‚ñà‚ñã        | 181/1093 [01:27<03:11,  4.77it/s, loss=0.00957]Training epoch 0:  17%|‚ñà‚ñã        | 186/1093 [01:28<03:09,  4.80it/s, loss=0.0124] Training epoch 0:  17%|‚ñà‚ñã        | 191/1093 [01:29<03:07,  4.82it/s, loss=0.0105]Training epoch 0:  18%|‚ñà‚ñä        | 196/1093 [01:30<03:12,  4.67it/s, loss=0.0107]Training epoch 0:  18%|‚ñà‚ñä        | 201/1093 [01:31<03:08,  4.73it/s, loss=0.011] Training epoch 0:  19%|‚ñà‚ñâ        | 206/1093 [01:32<03:05,  4.77it/s, loss=0.011]Training epoch 0:  19%|‚ñà‚ñâ        | 211/1093 [01:33<03:03,  4.80it/s, loss=0.0116]Training epoch 0:  20%|‚ñà‚ñâ        | 216/1093 [01:34<03:01,  4.82it/s, loss=0.0184]Training epoch 0:  20%|‚ñà‚ñà        | 221/1093 [01:36<03:00,  4.83it/s, loss=0.00826]Training epoch 0:  21%|‚ñà‚ñà        | 226/1093 [01:37<03:05,  4.67it/s, loss=0.0121] Training epoch 0:  21%|‚ñà‚ñà        | 231/1093 [01:38<03:04,  4.66it/s, loss=0.00563]Training epoch 0:  22%|‚ñà‚ñà‚ñè       | 236/1093 [01:39<03:04,  4.64it/s, loss=0.0148] Training epoch 0:  22%|‚ñà‚ñà‚ñè       | 241/1093 [01:40<03:02,  4.67it/s, loss=0.00838]Training epoch 0:  23%|‚ñà‚ñà‚ñé       | 246/1093 [01:41<02:59,  4.71it/s, loss=0.0151] Training epoch 0:  23%|‚ñà‚ñà‚ñé       | 251/1093 [01:42<02:57,  4.75it/s, loss=0.00756]Training epoch 0:  23%|‚ñà‚ñà‚ñé       | 256/1093 [01:43<03:05,  4.52it/s, loss=0.0041] Training epoch 0:  24%|‚ñà‚ñà‚ñç       | 261/1093 [01:44<03:00,  4.62it/s, loss=0.0131]Training epoch 0:  24%|‚ñà‚ñà‚ñç       | 266/1093 [01:45<02:56,  4.68it/s, loss=0.0201]Training epoch 0:  25%|‚ñà‚ñà‚ñç       | 271/1093 [01:46<02:53,  4.73it/s, loss=0.0117]Training epoch 0:  25%|‚ñà‚ñà‚ñå       | 276/1093 [01:47<02:51,  4.76it/s, loss=0.0112]Training epoch 0:  26%|‚ñà‚ñà‚ñå       | 281/1093 [01:48<02:49,  4.78it/s, loss=0.00946]Training epoch 0:  26%|‚ñà‚ñà‚ñå       | 286/1093 [01:49<02:48,  4.80it/s, loss=0.0086] Training epoch 0:  27%|‚ñà‚ñà‚ñã       | 291/1093 [01:50<02:46,  4.80it/s, loss=0.00855]Training epoch 0:  27%|‚ñà‚ñà‚ñã       | 296/1093 [01:51<02:45,  4.81it/s, loss=0.00878]Training epoch 0:  28%|‚ñà‚ñà‚ñä       | 301/1093 [01:53<02:44,  4.81it/s, loss=0.0197] Training epoch 0:  28%|‚ñà‚ñà‚ñä       | 306/1093 [01:54<02:46,  4.72it/s, loss=0.00714]Training epoch 0:  28%|‚ñà‚ñà‚ñä       | 311/1093 [01:55<02:44,  4.76it/s, loss=0.00801]Training epoch 0:  29%|‚ñà‚ñà‚ñâ       | 316/1093 [01:56<02:42,  4.78it/s, loss=0.00567]Training epoch 0:  29%|‚ñà‚ñà‚ñâ       | 321/1093 [01:57<02:40,  4.80it/s, loss=0.00778]Training epoch 0:  30%|‚ñà‚ñà‚ñâ       | 326/1093 [01:58<02:39,  4.81it/s, loss=0.00988]Training epoch 0:  30%|‚ñà‚ñà‚ñà       | 331/1093 [01:59<02:40,  4.73it/s, loss=0.0201] Training epoch 0:  31%|‚ñà‚ñà‚ñà       | 336/1093 [02:00<02:39,  4.76it/s, loss=0.00777]Training epoch 0:  31%|‚ñà‚ñà‚ñà       | 341/1093 [02:01<02:37,  4.78it/s, loss=0.0142] Training epoch 0:  32%|‚ñà‚ñà‚ñà‚ñè      | 346/1093 [02:02<02:44,  4.53it/s, loss=0.00993]Training epoch 0:  32%|‚ñà‚ñà‚ñà‚ñè      | 351/1093 [02:03<02:40,  4.61it/s, loss=0.0194] Training epoch 0:  33%|‚ñà‚ñà‚ñà‚ñé      | 356/1093 [02:04<02:37,  4.67it/s, loss=0.0124]Training epoch 0:  33%|‚ñà‚ñà‚ñà‚ñé      | 361/1093 [02:05<02:35,  4.72it/s, loss=0.0106]Training epoch 0:  33%|‚ñà‚ñà‚ñà‚ñé      | 366/1093 [02:06<02:33,  4.75it/s, loss=0.0173]Training epoch 0:  34%|‚ñà‚ñà‚ñà‚ñç      | 371/1093 [02:07<02:37,  4.59it/s, loss=0.0102]Training epoch 0:  34%|‚ñà‚ñà‚ñà‚ñç      | 376/1093 [02:09<02:34,  4.65it/s, loss=0.00581]Training epoch 0:  35%|‚ñà‚ñà‚ñà‚ñç      | 381/1093 [02:10<02:31,  4.71it/s, loss=0.0101] Training epoch 0:  35%|‚ñà‚ñà‚ñà‚ñå      | 386/1093 [02:11<02:29,  4.74it/s, loss=0.0162]Training epoch 0:  36%|‚ñà‚ñà‚ñà‚ñå      | 391/1093 [02:12<02:27,  4.77it/s, loss=0.0113]Training epoch 0:  36%|‚ñà‚ñà‚ñà‚ñå      | 396/1093 [02:13<02:25,  4.79it/s, loss=0.00716]Training epoch 0:  37%|‚ñà‚ñà‚ñà‚ñã      | 401/1093 [02:14<02:24,  4.80it/s, loss=0.0089] Training epoch 0:  37%|‚ñà‚ñà‚ñà‚ñã      | 406/1093 [02:15<02:22,  4.81it/s, loss=0.0229]Training epoch 0:  38%|‚ñà‚ñà‚ñà‚ñä      | 411/1093 [02:16<02:25,  4.68it/s, loss=0.0175]Training epoch 0:  38%|‚ñà‚ñà‚ñà‚ñä      | 416/1093 [02:17<02:23,  4.72it/s, loss=0.0101]Training epoch 0:  39%|‚ñà‚ñà‚ñà‚ñä      | 421/1093 [02:18<02:22,  4.72it/s, loss=0.00622]Training epoch 0:  39%|‚ñà‚ñà‚ñà‚ñâ      | 426/1093 [02:19<02:20,  4.75it/s, loss=0.00974]Training epoch 0:  39%|‚ñà‚ñà‚ñà‚ñâ      | 431/1093 [02:20<02:19,  4.76it/s, loss=0.00552]Training epoch 0:  40%|‚ñà‚ñà‚ñà‚ñâ      | 436/1093 [02:21<02:27,  4.44it/s, loss=0.0161] Training epoch 0:  40%|‚ñà‚ñà‚ñà‚ñà      | 441/1093 [02:22<02:24,  4.51it/s, loss=0.00754]Training epoch 0:  41%|‚ñà‚ñà‚ñà‚ñà      | 446/1093 [02:24<02:25,  4.44it/s, loss=0.00756]Training epoch 0:  41%|‚ñà‚ñà‚ñà‚ñà‚ñè     | 451/1093 [02:25<02:21,  4.55it/s, loss=0.00582]Training epoch 0:  42%|‚ñà‚ñà‚ñà‚ñà‚ñè     | 456/1093 [02:26<02:17,  4.62it/s, loss=0.00658]Training epoch 0:  42%|‚ñà‚ñà‚ñà‚ñà‚ñè     | 461/1093 [02:27<02:15,  4.68it/s, loss=0.00831]Training epoch 0:  43%|‚ñà‚ñà‚ñà‚ñà‚ñé     | 466/1093 [02:28<02:12,  4.72it/s, loss=0.0154] Training epoch 0:  43%|‚ñà‚ñà‚ñà‚ñà‚ñé     | 471/1093 [02:29<02:11,  4.74it/s, loss=0.00543]Training epoch 0:  44%|‚ñà‚ñà‚ñà‚ñà‚ñé     | 476/1093 [02:30<02:09,  4.77it/s, loss=0.0081] Training epoch 0:  44%|‚ñà‚ñà‚ñà‚ñà‚ñç     | 481/1093 [02:31<02:09,  4.71it/s, loss=0.0105]Training epoch 0:  44%|‚ñà‚ñà‚ñà‚ñà‚ñç     | 486/1093 [02:32<02:08,  4.73it/s, loss=0.00763]Training epoch 0:  45%|‚ñà‚ñà‚ñà‚ñà‚ñç     | 491/1093 [02:33<02:06,  4.75it/s, loss=0.0113] Training epoch 0:  45%|‚ñà‚ñà‚ñà‚ñà‚ñå     | 496/1093 [02:34<02:05,  4.77it/s, loss=0.0113]Training epoch 0:  46%|‚ñà‚ñà‚ñà‚ñà‚ñå     | 501/1093 [02:35<02:03,  4.78it/s, loss=0.00956]Training epoch 0:  46%|‚ñà‚ñà‚ñà‚ñà‚ñã     | 506/1093 [02:36<02:02,  4.79it/s, loss=0.0109] Training epoch 0:  47%|‚ñà‚ñà‚ñà‚ñà‚ñã     | 511/1093 [02:37<02:01,  4.80it/s, loss=0.00866]Training epoch 0:  47%|‚ñà‚ñà‚ñà‚ñà‚ñã     | 516/1093 [02:38<02:02,  4.71it/s, loss=0.0112] Training epoch 0:  48%|‚ñà‚ñà‚ñà‚ñà‚ñä     | 521/1093 [02:39<02:00,  4.75it/s, loss=0.0102]Training epoch 0:  48%|‚ñà‚ñà‚ñà‚ñà‚ñä     | 526/1093 [02:41<02:12,  4.28it/s, loss=0.0123]Training epoch 0:  49%|‚ñà‚ñà‚ñà‚ñà‚ñä     | 531/1093 [02:42<02:07,  4.41it/s, loss=0.00831]Training epoch 0:  49%|‚ñà‚ñà‚ñà‚ñà‚ñâ     | 536/1093 [02:43<02:02,  4.53it/s, loss=0.016]  Training epoch 0:  49%|‚ñà‚ñà‚ñà‚ñà‚ñâ     | 541/1093 [02:44<01:59,  4.61it/s, loss=0.00863]Training epoch 0:  50%|‚ñà‚ñà‚ñà‚ñà‚ñâ     | 546/1093 [02:45<01:58,  4.60it/s, loss=0.0105] Training epoch 0:  50%|‚ñà‚ñà‚ñà‚ñà‚ñà     | 551/1093 [02:46<01:56,  4.67it/s, loss=0.00588]Training epoch 0:  51%|‚ñà‚ñà‚ñà‚ñà‚ñà     | 556/1093 [02:47<01:53,  4.71it/s, loss=0.00867]Training epoch 0:  51%|‚ñà‚ñà‚ñà‚ñà‚ñà‚ñè    | 561/1093 [02:48<01:52,  4.74it/s, loss=0.0116] Training epoch 0:  52%|‚ñà‚ñà‚ñà‚ñà‚ñà‚ñè    | 566/1093 [02:49<01:50,  4.76it/s, loss=0.0127]Training epoch 0:  52%|‚ñà‚ñà‚ñà‚ñà‚ñà‚ñè    | 571/1093 [02:50<01:49,  4.78it/s, loss=0.0137]Training epoch 0:  53%|‚ñà‚ñà‚ñà‚ñà‚ñà‚ñé    | 576/1093 [02:51<01:47,  4.79it/s, loss=0.00617]Training epoch 0:  53%|‚ñà‚ñà‚ñà‚ñà‚ñà‚ñé    | 581/1093 [02:52<01:47,  4.78it/s, loss=0.00832]Training epoch 0:  54%|‚ñà‚ñà‚ñà‚ñà‚ñà‚ñé    | 586/1093 [02:53<01:46,  4.78it/s, loss=0.00798]Training epoch 0:  54%|‚ñà‚ñà‚ñà‚ñà‚ñà‚ñç    | 591/1093 [02:54<01:49,  4.60it/s, loss=0.00548]Training epoch 0:  55%|‚ñà‚ñà‚ñà‚ñà‚ñà‚ñç    | 596/1093 [02:55<01:46,  4.67it/s, loss=0.00681]Training epoch 0:  55%|‚ñà‚ñà‚ñà‚ñà‚ñà‚ñç    | 601/1093 [02:57<01:44,  4.72it/s, loss=0.0216] Training epoch 0:  55%|‚ñà‚ñà‚ñà‚ñà‚ñà‚ñå    | 606/1093 [02:58<01:42,  4.74it/s, loss=0.006] Training epoch 0:  56%|‚ñà‚ñà‚ñà‚ñà‚ñà‚ñå    | 611/1093 [02:59<01:41,  4.76it/s, loss=0.00757]Training epoch 0:  56%|‚ñà‚ñà‚ñà‚ñà‚ñà‚ñã    | 616/1093 [03:00<01:54,  4.18it/s, loss=0.00921]Training epoch 0:  57%|‚ñà‚ñà‚ñà‚ñà‚ñà‚ñã    | 621/1093 [03:01<01:48,  4.35it/s, loss=0.00559]Training epoch 0:  57%|‚ñà‚ñà‚ñà‚ñà‚ñà‚ñã    | 626/1093 [03:02<01:44,  4.48it/s, loss=0.0128] Training epoch 0:  58%|‚ñà‚ñà‚ñà‚ñà‚ñà‚ñä    | 631/1093 [03:03<01:40,  4.58it/s, loss=0.0133]Training epoch 0:  58%|‚ñà‚ñà‚ñà‚ñà‚ñà‚ñä    | 636/1093 [03:04<01:38,  4.65it/s, loss=0.00605]Training epoch 0:  59%|‚ñà‚ñà‚ñà‚ñà‚ñà‚ñä    | 641/1093 [03:05<01:38,  4.59it/s, loss=0.0121] Training epoch 0:  59%|‚ñà‚ñà‚ñà‚ñà‚ñà‚ñâ    | 646/1093 [03:06<01:36,  4.65it/s, loss=0.00525]Training epoch 0:  60%|‚ñà‚ñà‚ñà‚ñà‚ñà‚ñâ    | 651/1093 [03:07<01:33,  4.70it/s, loss=0.00828]Training epoch 0:  60%|‚ñà‚ñà‚ñà‚ñà‚ñà‚ñà    | 656/1093 [03:09<01:32,  4.74it/s, loss=0.00625]Training epoch 0:  60%|‚ñà‚ñà‚ñà‚ñà‚ñà‚ñà    | 661/1093 [03:10<01:36,  4.49it/s, loss=0.00762]Training epoch 0:  61%|‚ñà‚ñà‚ñà‚ñà‚ñà‚ñà    | 666/1093 [03:11<01:33,  4.56it/s, loss=0.00599]Training epoch 0:  61%|‚ñà‚ñà‚ñà‚ñà‚ñà‚ñà‚ñè   | 671/1093 [03:12<01:30,  4.64it/s, loss=0.00959]Training epoch 0:  62%|‚ñà‚ñà‚ñà‚ñà‚ñà‚ñà‚ñè   | 676/1093 [03:13<01:28,  4.70it/s, loss=0.00773]Training epoch 0:  62%|‚ñà‚ñà‚ñà‚ñà‚ñà‚ñà‚ñè   | 681/1093 [03:14<01:27,  4.73it/s, loss=0.00609]Training epoch 0:  63%|‚ñà‚ñà‚ñà‚ñà‚ñà‚ñà‚ñé   | 686/1093 [03:15<01:26,  4.72it/s, loss=0.0049] Training epoch 0:  63%|‚ñà‚ñà‚ñà‚ñà‚ñà‚ñà‚ñé   | 691/1093 [03:16<01:24,  4.75it/s, loss=0.00218]Training epoch 0:  64%|‚ñà‚ñà‚ñà‚ñà‚ñà‚ñà‚ñé   | 696/1093 [03:17<01:23,  4.76it/s, loss=0.00486]Training epoch 0:  64%|‚ñà‚ñà‚ñà‚ñà‚ñà‚ñà‚ñç   | 701/1093 [03:18<01:22,  4.78it/s, loss=0.00611]Training epoch 0:  65%|‚ñà‚ñà‚ñà‚ñà‚ñà‚ñà‚ñç   | 706/1093 [03:19<01:20,  4.79it/s, loss=0.00949]Training epoch 0:  65%|‚ñà‚ñà‚ñà‚ñà‚ñà‚ñà‚ñå   | 711/1093 [03:20<01:19,  4.80it/s, loss=0.00365]Training epoch 0:  66%|‚ñà‚ñà‚ñà‚ñà‚ñà‚ñà‚ñå   | 716/1093 [03:21<01:18,  4.80it/s, loss=0.00418]Training epoch 0:  66%|‚ñà‚ñà‚ñà‚ñà‚ñà‚ñà‚ñå   | 721/1093 [03:23<01:22,  4.49it/s, loss=0.00654]Training epoch 0:  66%|‚ñà‚ñà‚ñà‚ñà‚ñà‚ñà‚ñã   | 726/1093 [03:24<01:22,  4.44it/s, loss=0.00569]Training epoch 0:  67%|‚ñà‚ñà‚ñà‚ñà‚ñà‚ñà‚ñã   | 731/1093 [03:25<01:19,  4.55it/s, loss=0.018]  Training epoch 0:  67%|‚ñà‚ñà‚ñà‚ñà‚ñà‚ñà‚ñã   | 736/1093 [03:26<01:19,  4.48it/s, loss=0.0103]Training epoch 0:  68%|‚ñà‚ñà‚ñà‚ñà‚ñà‚ñà‚ñä   | 741/1093 [03:27<01:17,  4.55it/s, loss=0.00807]Training epoch 0:  68%|‚ñà‚ñà‚ñà‚ñà‚ñà‚ñà‚ñä   | 746/1093 [03:31<02:24,  2.40it/s, loss=0.00466]Training epoch 0:  69%|‚ñà‚ñà‚ñà‚ñà‚ñà‚ñà‚ñä   | 751/1093 [03:32<02:00,  2.84it/s, loss=0.00699]Training epoch 0:  69%|‚ñà‚ñà‚ñà‚ñà‚ñà‚ñà‚ñâ   | 756/1093 [03:33<01:43,  3.25it/s, loss=0.0143] Training epoch 0:  70%|‚ñà‚ñà‚ñà‚ñà‚ñà‚ñà‚ñâ   | 761/1093 [03:34<01:31,  3.61it/s, loss=0.00467]Training epoch 0:  70%|‚ñà‚ñà‚ñà‚ñà‚ñà‚ñà‚ñà   | 766/1093 [03:35<01:23,  3.91it/s, loss=0.0126] Training epoch 0:  71%|‚ñà‚ñà‚ñà‚ñà‚ñà‚ñà‚ñà   | 771/1093 [03:36<01:17,  4.16it/s, loss=0.00622]Training epoch 0:  71%|‚ñà‚ñà‚ñà‚ñà‚ñà‚ñà‚ñà   | 776/1093 [03:37<01:12,  4.35it/s, loss=0.00471]Training epoch 0:  71%|‚ñà‚ñà‚ñà‚ñà‚ñà‚ñà‚ñà‚ñè  | 781/1093 [03:38<01:09,  4.48it/s, loss=0.00405]Training epoch 0:  72%|‚ñà‚ñà‚ñà‚ñà‚ñà‚ñà‚ñà‚ñè  | 786/1093 [03:40<01:06,  4.58it/s, loss=0.0135] Training epoch 0:  72%|‚ñà‚ñà‚ñà‚ñà‚ñà‚ñà‚ñà‚ñè  | 791/1093 [03:41<01:04,  4.65it/s, loss=0.00814]Training epoch 0:  73%|‚ñà‚ñà‚ñà‚ñà‚ñà‚ñà‚ñà‚ñé  | 796/1093 [03:42<01:03,  4.65it/s, loss=0.00766]Training epoch 0:  73%|‚ñà‚ñà‚ñà‚ñà‚ñà‚ñà‚ñà‚ñé  | 801/1093 [03:43<01:02,  4.70it/s, loss=0.00763]Training epoch 0:  74%|‚ñà‚ñà‚ñà‚ñà‚ñà‚ñà‚ñà‚ñé  | 806/1093 [03:44<01:00,  4.74it/s, loss=0.0105] Training epoch 0:  74%|‚ñà‚ñà‚ñà‚ñà‚ñà‚ñà‚ñà‚ñç  | 811/1093 [03:45<00:59,  4.76it/s, loss=0.0228]Training epoch 0:  75%|‚ñà‚ñà‚ñà‚ñà‚ñà‚ñà‚ñà‚ñç  | 816/1093 [03:46<01:01,  4.50it/s, loss=0.00765]Training epoch 0:  75%|‚ñà‚ñà‚ñà‚ñà‚ñà‚ñà‚ñà‚ñå  | 821/1093 [03:47<00:59,  4.57it/s, loss=0.00829]Training epoch 0:  76%|‚ñà‚ñà‚ñà‚ñà‚ñà‚ñà‚ñà‚ñå  | 826/1093 [03:48<00:57,  4.61it/s, loss=0.00935]Training epoch 0:  76%|‚ñà‚ñà‚ñà‚ñà‚ñà‚ñà‚ñà‚ñå  | 831/1093 [03:49<00:56,  4.67it/s, loss=0.00456]Training epoch 0:  76%|‚ñà‚ñà‚ñà‚ñà‚ñà‚ñà‚ñà‚ñã  | 836/1093 [03:50<00:54,  4.71it/s, loss=0.00513]Training epoch 0:  77%|‚ñà‚ñà‚ñà‚ñà‚ñà‚ñà‚ñà‚ñã  | 841/1093 [03:51<00:53,  4.72it/s, loss=0.0135] Training epoch 0:  77%|‚ñà‚ñà‚ñà‚ñà‚ñà‚ñà‚ñà‚ñã  | 846/1093 [03:52<00:52,  4.75it/s, loss=0.0098]Training epoch 0:  78%|‚ñà‚ñà‚ñà‚ñà‚ñà‚ñà‚ñà‚ñä  | 851/1093 [03:53<00:50,  4.77it/s, loss=0.00815]Training epoch 0:  78%|‚ñà‚ñà‚ñà‚ñà‚ñà‚ñà‚ñà‚ñä  | 856/1093 [03:54<00:50,  4.73it/s, loss=0.0104] Training epoch 0:  79%|‚ñà‚ñà‚ñà‚ñà‚ñà‚ñà‚ñà‚ñâ  | 861/1093 [03:55<00:48,  4.76it/s, loss=0.0305]Training epoch 0:  79%|‚ñà‚ñà‚ñà‚ñà‚ñà‚ñà‚ñà‚ñâ  | 866/1093 [03:57<00:49,  4.57it/s, loss=0.00728]Training epoch 0:  80%|‚ñà‚ñà‚ñà‚ñà‚ñà‚ñà‚ñà‚ñâ  | 871/1093 [03:58<00:47,  4.65it/s, loss=0.0117] Training epoch 0:  80%|‚ñà‚ñà‚ñà‚ñà‚ñà‚ñà‚ñà‚ñà  | 876/1093 [03:59<00:46,  4.70it/s, loss=0.0163]Training epoch 0:  81%|‚ñà‚ñà‚ñà‚ñà‚ñà‚ñà‚ñà‚ñà  | 881/1093 [04:00<00:44,  4.74it/s, loss=0.0166]Training epoch 0:  81%|‚ñà‚ñà‚ñà‚ñà‚ñà‚ñà‚ñà‚ñà  | 886/1093 [04:01<00:43,  4.76it/s, loss=0.00896]Training epoch 0:  82%|‚ñà‚ñà‚ñà‚ñà‚ñà‚ñà‚ñà‚ñà‚ñè | 891/1093 [04:02<00:42,  4.78it/s, loss=0.0182] Training epoch 0:  82%|‚ñà‚ñà‚ñà‚ñà‚ñà‚ñà‚ñà‚ñà‚ñè | 896/1093 [04:03<00:41,  4.80it/s, loss=0.005] Training epoch 0:  82%|‚ñà‚ñà‚ñà‚ñà‚ñà‚ñà‚ñà‚ñà‚ñè | 901/1093 [04:04<00:39,  4.81it/s, loss=0.0171]Training epoch 0:  83%|‚ñà‚ñà‚ñà‚ñà‚ñà‚ñà‚ñà‚ñà‚ñé | 906/1093 [04:05<00:42,  4.41it/s, loss=0.0138]Training epoch 0:  83%|‚ñà‚ñà‚ñà‚ñà‚ñà‚ñà‚ñà‚ñà‚ñé | 911/1093 [04:06<00:40,  4.52it/s, loss=0.00737]Training epoch 0:  84%|‚ñà‚ñà‚ñà‚ñà‚ñà‚ñà‚ñà‚ñà‚ñç | 916/1093 [04:07<00:38,  4.59it/s, loss=0.00738]Training epoch 0:  84%|‚ñà‚ñà‚ñà‚ñà‚ñà‚ñà‚ñà‚ñà‚ñç | 921/1093 [04:08<00:36,  4.66it/s, loss=0.00808]Training epoch 0:  85%|‚ñà‚ñà‚ñà‚ñà‚ñà‚ñà‚ñà‚ñà‚ñç | 926/1093 [04:09<00:35,  4.68it/s, loss=0.00561]Training epoch 0:  85%|‚ñà‚ñà‚ñà‚ñà‚ñà‚ñà‚ñà‚ñà‚ñå | 931/1093 [04:10<00:34,  4.71it/s, loss=0.00898]Training epoch 0:  86%|‚ñà‚ñà‚ñà‚ñà‚ñà‚ñà‚ñà‚ñà‚ñå | 936/1093 [04:11<00:33,  4.74it/s, loss=0.00678]Training epoch 0:  86%|‚ñà‚ñà‚ñà‚ñà‚ñà‚ñà‚ñà‚ñà‚ñå | 941/1093 [04:13<00:31,  4.76it/s, loss=0.00642]Training epoch 0:  87%|‚ñà‚ñà‚ñà‚ñà‚ñà‚ñà‚ñà‚ñà‚ñã | 946/1093 [04:14<00:31,  4.73it/s, loss=0.00251]Training epoch 0:  87%|‚ñà‚ñà‚ñà‚ñà‚ñà‚ñà‚ñà‚ñà‚ñã | 951/1093 [04:15<00:29,  4.76it/s, loss=0.00561]Training epoch 0:  87%|‚ñà‚ñà‚ñà‚ñà‚ñà‚ñà‚ñà‚ñà‚ñã | 956/1093 [04:16<00:28,  4.78it/s, loss=0.00593]Training epoch 0:  88%|‚ñà‚ñà‚ñà‚ñà‚ñà‚ñà‚ñà‚ñà‚ñä | 961/1093 [04:17<00:27,  4.79it/s, loss=0.00714]Training epoch 0:  88%|‚ñà‚ñà‚ñà‚ñà‚ñà‚ñà‚ñà‚ñà‚ñä | 966/1093 [04:18<00:26,  4.80it/s, loss=0.0044] Training epoch 0:  89%|‚ñà‚ñà‚ñà‚ñà‚ñà‚ñà‚ñà‚ñà‚ñâ | 971/1093 [04:19<00:25,  4.76it/s, loss=0.0058]Training epoch 0:  89%|‚ñà‚ñà‚ñà‚ñà‚ñà‚ñà‚ñà‚ñà‚ñâ | 976/1093 [04:20<00:24,  4.76it/s, loss=0.00482]Training epoch 0:  90%|‚ñà‚ñà‚ñà‚ñà‚ñà‚ñà‚ñà‚ñà‚ñâ | 981/1093 [04:21<00:23,  4.78it/s, loss=0.00932]Training epoch 0:  90%|‚ñà‚ñà‚ñà‚ñà‚ñà‚ñà‚ñà‚ñà‚ñà | 986/1093 [04:22<00:22,  4.79it/s, loss=0.0213] Training epoch 0:  91%|‚ñà‚ñà‚ñà‚ñà‚ñà‚ñà‚ñà‚ñà‚ñà | 991/1093 [04:23<00:21,  4.79it/s, loss=0.00603]Training epoch 0:  91%|‚ñà‚ñà‚ñà‚ñà‚ñà‚ñà‚ñà‚ñà‚ñà | 996/1093 [04:24<00:20,  4.80it/s, loss=0.00538]Training epoch 0:  92%|‚ñà‚ñà‚ñà‚ñà‚ñà‚ñà‚ñà‚ñà‚ñà‚ñè| 1001/1093 [04:25<00:20,  4.41it/s, loss=0.0037]Training epoch 0:  92%|‚ñà‚ñà‚ñà‚ñà‚ñà‚ñà‚ñà‚ñà‚ñà‚ñè| 1006/1093 [04:27<00:19,  4.37it/s, loss=0.0183]Training epoch 0:  92%|‚ñà‚ñà‚ñà‚ñà‚ñà‚ñà‚ñà‚ñà‚ñà‚ñè| 1011/1093 [04:28<00:18,  4.50it/s, loss=0.00295]Training epoch 0:  93%|‚ñà‚ñà‚ñà‚ñà‚ñà‚ñà‚ñà‚ñà‚ñà‚ñé| 1016/1093 [04:29<00:16,  4.59it/s, loss=0.00587]Training epoch 0:  93%|‚ñà‚ñà‚ñà‚ñà‚ñà‚ñà‚ñà‚ñà‚ñà‚ñé| 1021/1093 [04:30<00:15,  4.65it/s, loss=0.00695]Training epoch 0:  94%|‚ñà‚ñà‚ñà‚ñà‚ñà‚ñà‚ñà‚ñà‚ñà‚ñç| 1026/1093 [04:31<00:14,  4.70it/s, loss=0.00666]Training epoch 0:  94%|‚ñà‚ñà‚ñà‚ñà‚ñà‚ñà‚ñà‚ñà‚ñà‚ñç| 1031/1093 [04:32<00:13,  4.74it/s, loss=0.00585]Training epoch 0:  95%|‚ñà‚ñà‚ñà‚ñà‚ñà‚ñà‚ñà‚ñà‚ñà‚ñç| 1036/1093 [04:33<00:12,  4.72it/s, loss=0.00207]Training epoch 0:  95%|‚ñà‚ñà‚ñà‚ñà‚ñà‚ñà‚ñà‚ñà‚ñà‚ñå| 1041/1093 [04:34<00:10,  4.75it/s, loss=0.00383]Training epoch 0:  96%|‚ñà‚ñà‚ñà‚ñà‚ñà‚ñà‚ñà‚ñà‚ñà‚ñå| 1046/1093 [04:35<00:09,  4.76it/s, loss=0.00814]Training epoch 0:  96%|‚ñà‚ñà‚ñà‚ñà‚ñà‚ñà‚ñà‚ñà‚ñà‚ñå| 1051/1093 [04:36<00:08,  4.77it/s, loss=0.0108] Training epoch 0:  97%|‚ñà‚ñà‚ñà‚ñà‚ñà‚ñà‚ñà‚ñà‚ñà‚ñã| 1056/1093 [04:37<00:07,  4.78it/s, loss=0.00467]Training epoch 0:  97%|‚ñà‚ñà‚ñà‚ñà‚ñà‚ñà‚ñà‚ñà‚ñà‚ñã| 1061/1093 [04:38<00:06,  4.79it/s, loss=0.00521]Training epoch 0:  98%|‚ñà‚ñà‚ñà‚ñà‚ñà‚ñà‚ñà‚ñà‚ñà‚ñä| 1066/1093 [04:39<00:05,  4.80it/s, loss=0.00283]Training epoch 0:  98%|‚ñà‚ñà‚ñà‚ñà‚ñà‚ñà‚ñà‚ñà‚ñà‚ñä| 1071/1093 [04:40<00:04,  4.81it/s, loss=0.00897]Training epoch 0:  98%|‚ñà‚ñà‚ñà‚ñà‚ñà‚ñà‚ñà‚ñà‚ñà‚ñä| 1076/1093 [04:41<00:03,  4.81it/s, loss=0.00653]Training epoch 0:  99%|‚ñà‚ñà‚ñà‚ñà‚ñà‚ñà‚ñà‚ñà‚ñà‚ñâ| 1081/1093 [04:42<00:02,  4.77it/s, loss=0.0178] Training epoch 0:  99%|‚ñà‚ñà‚ñà‚ñà‚ñà‚ñà‚ñà‚ñà‚ñà‚ñâ| 1086/1093 [04:43<00:01,  4.79it/s, loss=0.00529]Training epoch 0: 100%|‚ñà‚ñà‚ñà‚ñà‚ñà‚ñà‚ñà‚ñà‚ñà‚ñâ| 1091/1093 [04:44<00:00,  4.79it/s, loss=0.00588]                                                                                   Validation epoch 0:   0%|          | 0/88 [00:00<?, ?it/s]Validation epoch 0:  24%|‚ñà‚ñà‚ñç       | 21/88 [00:01<00:03, 20.27it/s]Validation epoch 0:  62%|‚ñà‚ñà‚ñà‚ñà‚ñà‚ñà‚ñé   | 55/88 [00:02<00:01, 27.84it/s]                                                                   Exception in thread Thread-9:
Traceback (most recent call last):
  File "/storage/home/hcoda1/7/mghanem8/.conda/envs/robodiff/lib/python3.9/site-packages/torch/serialization.py", line 379, in save
    _save(obj, opened_zipfile, pickle_module, pickle_protocol)
  File "/storage/home/hcoda1/7/mghanem8/.conda/envs/robodiff/lib/python3.9/site-packages/torch/serialization.py", line 604, in _save
    zip_file.write_record(name, storage.data_ptr(), num_bytes)
OSError: [Errno 12] Cannot allocate memory

During handling of the above exception, another exception occurred:

Traceback (most recent call last):
  File "/storage/home/hcoda1/7/mghanem8/.conda/envs/robodiff/lib/python3.9/threading.py", line 980, in _bootstrap_inner
    self.run()
  File "/storage/home/hcoda1/7/mghanem8/.conda/envs/robodiff/lib/python3.9/threading.py", line 917, in run
    self._target(*self._args, **self._kwargs)
  File "/storage/home/hcoda1/7/mghanem8/codes/diffusion_policy/diffusion_policy/workspace/base_workspace.py", line 67, in <lambda>
    target=lambda : torch.save(payload, path.open('wb'), pickle_module=dill))
  File "/storage/home/hcoda1/7/mghanem8/.conda/envs/robodiff/lib/python3.9/site-packages/torch/serialization.py", line 380, in save
    return
  File "/storage/home/hcoda1/7/mghanem8/.conda/envs/robodiff/lib/python3.9/site-packages/torch/serialization.py", line 259, in __exit__
    self.file_like.write_end_of_file()
RuntimeError: [enforce fail at inline_container.cc:319] . unexpected pos 2278974016 vs 2278973904
terminate called after throwing an instance of 'c10::Error'
  what():  [enforce fail at inline_container.cc:319] . unexpected pos 2278974016 vs 2278973904
frame #0: c10::ThrowEnforceNotMet(char const*, int, char const*, std::string const&, void const*) + 0x55 (0x2aab2a070335 in /storage/home/hcoda1/7/mghanem8/.conda/envs/robodiff/lib/python3.9/site-packages/torch/lib/libc10.so)
frame #1: <unknown function> + 0x2f804cc (0x2aaaf32794cc in /storage/home/hcoda1/7/mghanem8/.conda/envs/robodiff/lib/python3.9/site-packages/torch/lib/libtorch_cpu.so)
frame #2: mz_zip_writer_add_mem_ex_v2 + 0x5dc (0x2aaaf3272e1c in /storage/home/hcoda1/7/mghanem8/.conda/envs/robodiff/lib/python3.9/site-packages/torch/lib/libtorch_cpu.so)
frame #3: caffe2::serialize::PyTorchStreamWriter::writeRecord(std::string const&, void const*, unsigned long, bool) + 0xb9 (0x2aaaf327aa89 in /storage/home/hcoda1/7/mghanem8/.conda/envs/robodiff/lib/python3.9/site-packages/torch/lib/libtorch_cpu.so)
frame #4: caffe2::serialize::PyTorchStreamWriter::writeEndOfFile() + 0x2c3 (0x2aaaf327af53 in /storage/home/hcoda1/7/mghanem8/.conda/envs/robodiff/lib/python3.9/site-packages/torch/lib/libtorch_cpu.so)
frame #5: caffe2::serialize::PyTorchStreamWriter::~PyTorchStreamWriter() + 0x125 (0x2aaaf327b1c5 in /storage/home/hcoda1/7/mghanem8/.conda/envs/robodiff/lib/python3.9/site-packages/torch/lib/libtorch_cpu.so)
frame #6: <unknown function> + 0x6e2f25 (0x2aaae9fa9f25 in /storage/home/hcoda1/7/mghanem8/.conda/envs/robodiff/lib/python3.9/site-packages/torch/lib/libtorch_python.so)
frame #7: <unknown function> + 0x355362 (0x2aaae9c1c362 in /storage/home/hcoda1/7/mghanem8/.conda/envs/robodiff/lib/python3.9/site-packages/torch/lib/libtorch_python.so)
frame #8: <unknown function> + 0x35622f (0x2aaae9c1d22f in /storage/home/hcoda1/7/mghanem8/.conda/envs/robodiff/lib/python3.9/site-packages/torch/lib/libtorch_python.so)
frame #9: <unknown function> + 0x138397 (0x55555568c397 in /storage/home/hcoda1/7/mghanem8/.conda/envs/robodiff/bin/python)
frame #10: <unknown function> + 0x14ae3b (0x55555569ee3b in /storage/home/hcoda1/7/mghanem8/.conda/envs/robodiff/bin/python)
frame #11: <unknown function> + 0x14ae7f (0x55555569ee7f in /storage/home/hcoda1/7/mghanem8/.conda/envs/robodiff/bin/python)
frame #12: <unknown function> + 0x14ae7f (0x55555569ee7f in /storage/home/hcoda1/7/mghanem8/.conda/envs/robodiff/bin/python)
frame #13: <unknown function> + 0x14ae7f (0x55555569ee7f in /storage/home/hcoda1/7/mghanem8/.conda/envs/robodiff/bin/python)
frame #14: _PyEval_EvalFrameDefault + 0x258e (0x5555556864be in /storage/home/hcoda1/7/mghanem8/.conda/envs/robodiff/bin/python)
frame #15: <unknown function> + 0x1407c2 (0x5555556947c2 in /storage/home/hcoda1/7/mghanem8/.conda/envs/robodiff/bin/python)
frame #16: _PyEval_EvalFrameDefault + 0x696 (0x5555556845c6 in /storage/home/hcoda1/7/mghanem8/.conda/envs/robodiff/bin/python)
frame #17: <unknown function> + 0x1407c2 (0x5555556947c2 in /storage/home/hcoda1/7/mghanem8/.conda/envs/robodiff/bin/python)
frame #18: <unknown function> + 0x14de83 (0x5555556a1e83 in /storage/home/hcoda1/7/mghanem8/.conda/envs/robodiff/bin/python)
frame #19: <unknown function> + 0x224f12 (0x555555778f12 in /storage/home/hcoda1/7/mghanem8/.conda/envs/robodiff/bin/python)
frame #20: <unknown function> + 0x224ec4 (0x555555778ec4 in /storage/home/hcoda1/7/mghanem8/.conda/envs/robodiff/bin/python)
frame #21: <unknown function> + 0x7ea5 (0x2aaaaacd6ea5 in /lib64/libpthread.so.0)
frame #22: clone + 0x6d (0x2aaaab6f2b0d in /lib64/libc.so.6)

slurmstepd: error: Detected 1 oom_kill event in StepId=1269088.0. Some of the step tasks have been OOM Killed.
srun: error: atl1-1-03-007-17-0: task 0: Out Of Memory
slurmstepd: error: Detected 1 oom_kill event in StepId=1269088.batch. Some of the step tasks have been OOM Killed.
